<?xml version="1.0" encoding="UTF-8"?>
<testsuites>
  <testsuite name="fastlane.lanes">
    
    
    
      
      <testcase classname="fastlane.lanes" name="0: default_platform" time="0.009866">
        
      </testcase>
    
      
      <testcase classname="fastlane.lanes" name="1: Switch to android unit_test lane" time="0.004221">
        
      </testcase>
    
      
      <testcase classname="fastlane.lanes" name="2: gradle" time="2.290835">
        
      </testcase>
    
      
      <testcase classname="fastlane.lanes" name="3: gradle" time="3.606915">
        
          <failure message="/Users/bferrari/.fastlane/bin/bundle/lib/ruby/gems/2.2.0/gems/fastlane-2.119.0/fastlane/lib/fastlane/actions/actions_helper.rb:48:in `execute_action'&#10;/Users/bferrari/.fastlane/bin/bundle/lib/ruby/gems/2.2.0/gems/fastlane-2.119.0/fastlane/lib/fastlane/runner.rb:232:in `block in execute_action'&#10;/Users/bferrari/.fastlane/bin/bundle/lib/ruby/gems/2.2.0/gems/fastlane-2.119.0/fastlane/lib/fastlane/runner.rb:227:in `chdir'&#10;/Users/bferrari/.fastlane/bin/bundle/lib/ruby/gems/2.2.0/gems/fastlane-2.119.0/fastlane/lib/fastlane/runner.rb:227:in `execute_action'&#10;/Users/bferrari/.fastlane/bin/bundle/lib/ruby/gems/2.2.0/gems/fastlane-2.119.0/fastlane/lib/fastlane/runner.rb:157:in `trigger_action_by_name'&#10;/Users/bferrari/.fastlane/bin/bundle/lib/ruby/gems/2.2.0/gems/fastlane-2.119.0/fastlane/lib/fastlane/fast_file.rb:154:in `method_missing'&#10;Fastfile:18:in `block (2 levels) in parsing_binding'&#10;/Users/bferrari/.fastlane/bin/bundle/lib/ruby/gems/2.2.0/gems/fastlane-2.119.0/fastlane/lib/fastlane/lane.rb:33:in `call'&#10;/Users/bferrari/.fastlane/bin/bundle/lib/ruby/gems/2.2.0/gems/fastlane-2.119.0/fastlane/lib/fastlane/lane.rb:33:in `call'&#10;/Users/bferrari/.fastlane/bin/bundle/lib/ruby/gems/2.2.0/gems/fastlane-2.119.0/fastlane/lib/fastlane/runner.rb:204:in `try_switch_to_lane'&#10;/Users/bferrari/.fastlane/bin/bundle/lib/ruby/gems/2.2.0/gems/fastlane-2.119.0/fastlane/lib/fastlane/runner.rb:146:in `trigger_action_by_name'&#10;/Users/bferrari/.fastlane/bin/bundle/lib/ruby/gems/2.2.0/gems/fastlane-2.119.0/fastlane/lib/fastlane/fast_file.rb:154:in `method_missing'&#10;Fastfile:23:in `block (2 levels) in parsing_binding'&#10;/Users/bferrari/.fastlane/bin/bundle/lib/ruby/gems/2.2.0/gems/fastlane-2.119.0/fastlane/lib/fastlane/lane.rb:33:in `call'&#10;/Users/bferrari/.fastlane/bin/bundle/lib/ruby/gems/2.2.0/gems/fastlane-2.119.0/fastlane/lib/fastlane/lane.rb:33:in `call'&#10;/Users/bferrari/.fastlane/bin/bundle/lib/ruby/gems/2.2.0/gems/fastlane-2.119.0/fastlane/lib/fastlane/runner.rb:49:in `block in execute'&#10;/Users/bferrari/.fastlane/bin/bundle/lib/ruby/gems/2.2.0/gems/fastlane-2.119.0/fastlane/lib/fastlane/runner.rb:45:in `chdir'&#10;/Users/bferrari/.fastlane/bin/bundle/lib/ruby/gems/2.2.0/gems/fastlane-2.119.0/fastlane/lib/fastlane/runner.rb:45:in `execute'&#10;/Users/bferrari/.fastlane/bin/bundle/lib/ruby/gems/2.2.0/gems/fastlane-2.119.0/fastlane/lib/fastlane/lane_manager.rb:56:in `cruise_lane'&#10;/Users/bferrari/.fastlane/bin/bundle/lib/ruby/gems/2.2.0/gems/fastlane-2.119.0/fastlane/lib/fastlane/command_line_handler.rb:36:in `handle'&#10;/Users/bferrari/.fastlane/bin/bundle/lib/ruby/gems/2.2.0/gems/fastlane-2.119.0/fastlane/lib/fastlane/commands_generator.rb:108:in `block (2 levels) in run'&#10;/Users/bferrari/.fastlane/bin/bundle/lib/ruby/gems/2.2.0/gems/commander-fastlane-4.4.6/lib/commander/command.rb:178:in `call'&#10;/Users/bferrari/.fastlane/bin/bundle/lib/ruby/gems/2.2.0/gems/commander-fastlane-4.4.6/lib/commander/command.rb:178:in `call'&#10;/Users/bferrari/.fastlane/bin/bundle/lib/ruby/gems/2.2.0/gems/commander-fastlane-4.4.6/lib/commander/command.rb:153:in `run'&#10;/Users/bferrari/.fastlane/bin/bundle/lib/ruby/gems/2.2.0/gems/commander-fastlane-4.4.6/lib/commander/runner.rb:476:in `run_active_command'&#10;/Users/bferrari/.fastlane/bin/bundle/lib/ruby/gems/2.2.0/gems/fastlane-2.119.0/fastlane_core/lib/fastlane_core/ui/fastlane_runner.rb:76:in `run!'&#10;/Users/bferrari/.fastlane/bin/bundle/lib/ruby/gems/2.2.0/gems/commander-fastlane-4.4.6/lib/commander/delegates.rb:15:in `run!'&#10;/Users/bferrari/.fastlane/bin/bundle/lib/ruby/gems/2.2.0/gems/fastlane-2.119.0/fastlane/lib/fastlane/commands_generator.rb:333:in `run'&#10;/Users/bferrari/.fastlane/bin/bundle/lib/ruby/gems/2.2.0/gems/fastlane-2.119.0/fastlane/lib/fastlane/commands_generator.rb:41:in `start'&#10;/Users/bferrari/.fastlane/bin/bundle/lib/ruby/gems/2.2.0/gems/fastlane-2.119.0/fastlane/lib/fastlane/cli_tools_distributor.rb:119:in `take_off'&#10;/Users/bferrari/.fastlane/bin/bundle/lib/ruby/gems/2.2.0/gems/fastlane-2.119.0/bin/fastlane:23:in `&lt;top (required)&gt;'&#10;/Users/bferrari/.fastlane/bin/bundle/bin/fastlane:22:in `load'&#10;/Users/bferrari/.fastlane/bin/bundle/bin/fastlane:22:in `&lt;main&gt;'&#10;&#10;Exit status of command '/Users/bferrari/p/stone_challenge/gradlew :usecases:test -p .' was 1 instead of 0.&#10;&#10;&gt; Configure project :app&#10;app: 'annotationProcessor' dependencies won't be recognized as kapt annotation processors. Please change the configuration name to 'kapt' for these artifacts: 'androidx.databinding:databinding-compiler:3.3.0' and apply the kapt plugin: &quot;apply plugin: 'kotlin-kapt'&quot;.&#10;&#10;&gt; Task :data:discoverMainScriptsExtensions&#10;&gt; Task :domain:discoverMainScriptsExtensions&#10;&gt; Task :domain:compileKotlin UP-TO-DATE&#10;&gt; Task :domain:compileJava NO-SOURCE&#10;&gt; Task :data:compileKotlin UP-TO-DATE&#10;&gt; Task :data:compileJava NO-SOURCE&#10;&gt; Task :data:processResources NO-SOURCE&#10;&gt; Task :data:classes UP-TO-DATE&#10;&gt; Task :data:inspectClassesForKotlinIC UP-TO-DATE&#10;&gt; Task :data:jar UP-TO-DATE&#10;&gt; Task :domain:processResources NO-SOURCE&#10;&gt; Task :domain:classes UP-TO-DATE&#10;&gt; Task :domain:inspectClassesForKotlinIC UP-TO-DATE&#10;&gt; Task :domain:jar UP-TO-DATE&#10;&gt; Task :usecases:discoverMainScriptsExtensions&#10;&gt; Task :usecases:compileKotlin UP-TO-DATE&#10;&gt; Task :usecases:compileJava NO-SOURCE&#10;&gt; Task :usecases:processResources NO-SOURCE&#10;&gt; Task :usecases:classes UP-TO-DATE&#10;&gt; Task :usecases:discoverTestScriptsExtensions&#10;&gt; Task :usecases:compileTestKotlin UP-TO-DATE&#10;&gt; Task :usecases:compileTestJava NO-SOURCE&#10;&gt; Task :usecases:processTestResources NO-SOURCE&#10;&gt; Task :usecases:testClasses UP-TO-DATE&#10;&#10;&gt; Task :usecases:test FAILED&#10;objc[5583]: Class JavaLaunchHelper is implemented in both /Library/Java/JavaVirtualMachines/jdk1.8.0_144.jdk/Contents/Home/bin/java (0x10dd284c0) and /Library/Java/JavaVirtualMachines/jdk1.8.0_144.jdk/Contents/Home/jre/lib/libinstrument.dylib (0x117c184e0). One of the two will be used. Which one is undefined.&#10;&#10;com.bferrari.usecases.GetCategoriesTest &gt; Get categories FAILED&#10;    java.lang.AssertionError at GetCategoriesTest.kt:30&#10;&#10;1 test completed, 1 failed&#10;&#10;FAILURE: Build failed with an exception.&#10;&#10;* What went wrong:&#10;Execution failed for task ':usecases:test'.&#10;&gt; There were failing tests. See the report at: file:///Users/bferrari/p/stone_challenge/usecases/build/reports/tests/test/index.html&#10;&#10;* Try:&#10;Run with --stacktrace option to get the stack trace. Run with --info or --debug option to get more log output. Run with --scan to get full insights.&#10;&#10;* Get more help at https://help.gradle.org&#10;&#10;BUILD FAILED in 3s&#10;13 actionable tasks: 5 executed, 8 up-to-date&#10;" />
        
      </testcase>
    
  </testsuite>
</testsuites>
